Unity Editor version:    2021.3.18f1 (3129e69bc0c7)
Branch:                  2021.3/staging
Build type:              Release
Batch mode:              YES
macOS version:           Version 13.2 (Build 22D49)
Darwin version:          22.3.0
Architecture:            arm64
Running under Rosetta:   NO
Available memory:        8192 MB
Using pre-set license
Pro License: YES

COMMAND LINE ARGUMENTS:
/Applications/Unity/Hub/Editor/2021.3.18f1/Unity.app/Contents/MacOS/Unity
-adb2
-batchMode
-noUpm
-name
AssetImportWorker0
-projectPath
/Users/adamantar/Desktop/CODING/DRAGRACEGAME/FRANKYANDMO
-logFile
Logs/AssetImportWorker0.log
-srvPort
49301
Successfully changed project path to: /Users/adamantar/Desktop/CODING/DRAGRACEGAME/FRANKYANDMO
/Users/adamantar/Desktop/CODING/DRAGRACEGAME/FRANKYANDMO
[UnityMemory] Configuration Parameters - Can be set up in boot.config
    "memorysetup-bucket-allocator-granularity=16"
    "memorysetup-bucket-allocator-bucket-count=8"
    "memorysetup-bucket-allocator-block-size=33554432"
    "memorysetup-bucket-allocator-block-count=8"
    "memorysetup-main-allocator-block-size=16777216"
    "memorysetup-thread-allocator-block-size=16777216"
    "memorysetup-gfx-main-allocator-block-size=16777216"
    "memorysetup-gfx-thread-allocator-block-size=16777216"
    "memorysetup-cache-allocator-block-size=4194304"
    "memorysetup-typetree-allocator-block-size=2097152"
    "memorysetup-profiler-bucket-allocator-granularity=16"
    "memorysetup-profiler-bucket-allocator-bucket-count=8"
    "memorysetup-profiler-bucket-allocator-block-size=33554432"
    "memorysetup-profiler-bucket-allocator-block-count=8"
    "memorysetup-profiler-allocator-block-size=16777216"
    "memorysetup-profiler-editor-allocator-block-size=1048576"
    "memorysetup-temp-allocator-size-main=16777216"
    "memorysetup-job-temp-allocator-block-size=2097152"
    "memorysetup-job-temp-allocator-block-size-background=1048576"
    "memorysetup-job-temp-allocator-reduction-small-platforms=262144"
    "memorysetup-temp-allocator-size-background-worker=32768"
    "memorysetup-temp-allocator-size-job-worker=262144"
    "memorysetup-temp-allocator-size-preload-manager=33554432"
    "memorysetup-temp-allocator-size-nav-mesh-worker=65536"
    "memorysetup-temp-allocator-size-audio-worker=65536"
    "memorysetup-temp-allocator-size-cloud-worker=32768"
    "memorysetup-temp-allocator-size-gi-baking-worker=262144"
    "memorysetup-temp-allocator-size-gfx=262144"
Player connection [8188297472] Host "[IP] 10.104.48.100 [Port] 0 [Flags] 2 [Guid] 3083693886 [EditorId] 3083693886 [Version] 1048832 [Id] OSXEditor(0,wireless-10-104-48-100.umd.edu) [Debug] 1 [PackageName] OSXEditor [ProjectName] Editor" joined multi-casting on [225.0.0.222:54997]...

Player connection [8188297472] Host "[IP] 10.104.48.100 [Port] 0 [Flags] 2 [Guid] 3083693886 [EditorId] 3083693886 [Version] 1048832 [Id] OSXEditor(0,wireless-10-104-48-100.umd.edu) [Debug] 1 [PackageName] OSXEditor [ProjectName] Editor" joined alternative multi-casting on [225.0.0.222:34997]...

Refreshing native plugins compatible for Editor in 166.99 ms, found 2 plugins.
Preloading 0 native plugins for Editor in 0.00 ms.
Initialize engine version: 2021.3.18f1 (3129e69bc0c7)
[Subsystems] Discovering subsystems at path /Applications/Unity/Hub/Editor/2021.3.18f1/Unity.app/Contents/Resources/UnitySubsystems
[Subsystems] Discovering subsystems at path /Users/adamantar/Desktop/CODING/DRAGRACEGAME/FRANKYANDMO/Assets
GfxDevice: creating device client; threaded=0; jobified=0
 preferred device: Apple M1 (high power)
Metal devices available: 1
0: Apple M1 (high power)
Using device Apple M1 (high power)
Initializing Metal device caps: Apple M1
Initialize mono
Mono path[0] = '/Applications/Unity/Hub/Editor/2021.3.18f1/Unity.app/Contents/Managed'
Mono path[1] = '/Applications/Unity/Hub/Editor/2021.3.18f1/Unity.app/Contents/MonoBleedingEdge/lib/mono/unityjit-macos'
Mono config path = '/Applications/Unity/Hub/Editor/2021.3.18f1/Unity.app/Contents/MonoBleedingEdge/etc'
Using monoOptions --debugger-agent=transport=dt_socket,embedding=1,server=y,suspend=n,address=127.0.0.1:56622
Begin MonoManager ReloadAssembly
Registering precompiled unity dll's ...
Register platform support module: /Applications/Unity/Hub/Editor/2021.3.18f1/PlaybackEngines/WebGLSupport/UnityEditor.WebGL.Extensions.dll
Register platform support module: /Applications/Unity/Hub/Editor/2021.3.18f1/Unity.app/Contents/PlaybackEngines/MacStandaloneSupport/UnityEditor.OSXStandalone.Extensions.dll
Registered in 0.001580 seconds.
Native extension for OSXStandalone target not found
Native extension for WebGL target not found
Refreshing native plugins compatible for Editor in 76.60 ms, found 2 plugins.
Preloading 0 native plugins for Editor in 0.00 ms.
Mono: successfully reloaded assembly
- Completed reload, in  0.432 seconds
Domain Reload Profiling:
	ReloadAssembly (432ms)
		BeginReloadAssembly (56ms)
			ExecutionOrderSort (0ms)
			DisableScriptedObjects (0ms)
			BackupInstance (0ms)
			ReleaseScriptingObjects (0ms)
			CreateAndSetChildDomain (1ms)
		EndReloadAssembly (305ms)
			LoadAssemblies (57ms)
			RebuildTransferFunctionScriptingTraits (1ms)
			SetupTypeCache (75ms)
			ReleaseScriptCaches (0ms)
			RebuildScriptCaches (18ms)
			SetupLoadedEditorAssemblies (184ms)
				LogAssemblyErrors (0ms)
				InitializePlatformSupportModulesInManaged (4ms)
				SetLoadedEditorAssemblies (0ms)
				RefreshPlugins (77ms)
				BeforeProcessingInitializeOnLoad (1ms)
				ProcessInitializeOnLoadAttributes (80ms)
				ProcessInitializeOnLoadMethodAttributes (23ms)
				AfterProcessingInitializeOnLoad (0ms)
				EditorAssembliesLoaded (0ms)
			ExecutionOrderSort2 (0ms)
			AwakeInstancesAfterBackupRestoration (0ms)
Platform modules already initialized, skipping
Registering precompiled user dll's ...
Registered in 0.004472 seconds.
Begin MonoManager ReloadAssembly
Symbol file LoadedFromMemory doesn't match image /Users/adamantar/Desktop/CODING/DRAGRACEGAME/FRANKYANDMO/Library/PackageCache/com.unity.visualscripting@1.8.0/Editor/VisualScripting.Core/Dependencies/YamlDotNet/Unity.VisualScripting.YamlDotNet.dll
Symbol file LoadedFromMemory doesn't match image /Users/adamantar/Desktop/CODING/DRAGRACEGAME/FRANKYANDMO/Library/PackageCache/com.unity.visualscripting@1.8.0/Editor/VisualScripting.Core/Dependencies/DotNetZip/Unity.VisualScripting.IonicZip.dll
Native extension for OSXStandalone target not found
Native extension for WebGL target not found
Refreshing native plugins compatible for Editor in 76.36 ms, found 2 plugins.
Preloading 0 native plugins for Editor in 0.00 ms.
Mono: successfully reloaded assembly
- Completed reload, in  0.760 seconds
Domain Reload Profiling:
	ReloadAssembly (760ms)
		BeginReloadAssembly (62ms)
			ExecutionOrderSort (0ms)
			DisableScriptedObjects (4ms)
			BackupInstance (0ms)
			ReleaseScriptingObjects (0ms)
			CreateAndSetChildDomain (20ms)
		EndReloadAssembly (628ms)
			LoadAssemblies (52ms)
			RebuildTransferFunctionScriptingTraits (0ms)
			SetupTypeCache (187ms)
			ReleaseScriptCaches (0ms)
			RebuildScriptCaches (39ms)
			SetupLoadedEditorAssemblies (324ms)
				LogAssemblyErrors (0ms)
				InitializePlatformSupportModulesInManaged (2ms)
				SetLoadedEditorAssemblies (0ms)
				RefreshPlugins (76ms)
				BeforeProcessingInitializeOnLoad (55ms)
				ProcessInitializeOnLoadAttributes (180ms)
				ProcessInitializeOnLoadMethodAttributes (9ms)
				AfterProcessingInitializeOnLoad (1ms)
				EditorAssembliesLoaded (0ms)
			ExecutionOrderSort2 (0ms)
			AwakeInstancesAfterBackupRestoration (2ms)
Platform modules already initialized, skipping
========================================================================
Worker process is ready to serve import requests
Launching external process: /Applications/Unity/Hub/Editor/2021.3.18f1/Unity.app/Contents/Tools/UnityShaderCompiler
Launched and connected shader compiler UnityShaderCompiler after 0.17 seconds
Refreshing native plugins compatible for Editor in 0.45 ms, found 2 plugins.
Preloading 0 native plugins for Editor in 0.00 ms.
Unloading 3598 Unused Serialized files (Serialized files now loaded: 0)
Unloading 41 unused Assets / (286.1 KB). Loaded Objects now: 4065.
Memory consumption went from 128.4 MB to 128.1 MB.
Total: 3.240041 ms (FindLiveObjects: 0.127333 ms CreateObjectMapping: 0.044417 ms MarkObjects: 2.739750 ms  DeleteObjects: 0.327541 ms)

AssetImportParameters requested are different than current active one (requested -> active):
  custom:video-decoder-ogg-theora: a1e56fd34408186e4bbccfd4996cb3dc -> 
  custom:container-muxer-webm: aa71ff27fc2769a1b78a27578f13a17b -> 
  custom:container-demuxer-webm: 4f35f7cbe854078d1ac9338744f61a02 -> 
  custom:video-encoder-webm-vp8: eb34c28f22e8b96e1ab97ce403110664 -> 
  custom:framework-osx-AVFoundation: e770b220cccbd017edd2c1fefb359320 -> 
  custom:audio-encoder-webm-vorbis: bf7c407c2cedff20999df2af8eb42d56 -> 
  custom:container-demuxer-ogg: 62fdf1f143b41e24485cea50d1cbac27 -> 
  custom:video-decoder-webm-vp8: 9c59270c3fd7afecdb556c50c9e8de78 -> 
  custom:audio-decoder-ogg-vorbis: bf7c407c2cedff20999df2af8eb42d56 -> 
========================================================================
Received Import Request.
  Time since last request: 6459.048697 seconds.
  path: Assets/Drag Racing Framework/Demos/Basic Demo/Prefabs/Resources/PORSCHE 911.prefab
  artifactKey: Guid(d5fb9cb33fae57346b54aeaa1596a2f9) Importer(815301076,1909f56bfc062723c751e8b465ee728b)
Start importing Assets/Drag Racing Framework/Demos/Basic Demo/Prefabs/Resources/PORSCHE 911.prefab using Guid(d5fb9cb33fae57346b54aeaa1596a2f9) Importer(815301076,1909f56bfc062723c751e8b465ee728b)  -> (artifact id: 'd26bee2511b01f08962fddd1e77b7ffe') in 0.673333 seconds 
========================================================================
Received Import Request.
  Time since last request: 0.000242 seconds.
  path: Assets/Drag Racing Framework/Demos/Basic Demo/Prefabs/Resources/NISSAN GTR.prefab
  artifactKey: Guid(a8eed62b00a81034babf2fbd62d0ca74) Importer(815301076,1909f56bfc062723c751e8b465ee728b)
Start importing Assets/Drag Racing Framework/Demos/Basic Demo/Prefabs/Resources/NISSAN GTR.prefab using Guid(a8eed62b00a81034babf2fbd62d0ca74) Importer(815301076,1909f56bfc062723c751e8b465ee728b)  -> (artifact id: '6b2256e9b8156ae8fb8ef73b235122de') in 0.059321 seconds 
========================================================================
Received Import Request.
  Time since last request: 0.179813 seconds.
  path: Assets/Drag Racing Framework/Demos/Basic Demo/Prefabs/Resources/BUGGATI VEYRON.prefab
  artifactKey: Guid(96ca9f74d18ebd04bae3ed8fc71d0b3d) Importer(815301076,1909f56bfc062723c751e8b465ee728b)
Start importing Assets/Drag Racing Framework/Demos/Basic Demo/Prefabs/Resources/BUGGATI VEYRON.prefab using Guid(96ca9f74d18ebd04bae3ed8fc71d0b3d) Importer(815301076,1909f56bfc062723c751e8b465ee728b)  -> (artifact id: '555e5078844fd19030ed42eae6c01971') in 0.036811 seconds 
========================================================================
Received Import Request.
  Time since last request: 3.188827 seconds.
  path: Assets/Drag Racing Framework/Demos/Basic Demo/Prefabs/Resources/BUGGATI VEYRON.prefab
  artifactKey: Guid(96ca9f74d18ebd04bae3ed8fc71d0b3d) Importer(815301076,1909f56bfc062723c751e8b465ee728b)
Start importing Assets/Drag Racing Framework/Demos/Basic Demo/Prefabs/Resources/BUGGATI VEYRON.prefab using Guid(96ca9f74d18ebd04bae3ed8fc71d0b3d) Importer(815301076,1909f56bfc062723c751e8b465ee728b)  -> (artifact id: 'a9cdbeebf9380ffaceace875024b0140') in 0.039346 seconds 
========================================================================
Received Import Request.
  Time since last request: 17.424394 seconds.
  path: Assets/Drag Racing Framework/Demos/Common Components/Sounds/Engine Sound 1.wav
  artifactKey: Guid(ed639a217c6ed4d71b04b7a88db7e385) Importer(815301076,1909f56bfc062723c751e8b465ee728b)
Start importing Assets/Drag Racing Framework/Demos/Common Components/Sounds/Engine Sound 1.wav using Guid(ed639a217c6ed4d71b04b7a88db7e385) Importer(815301076,1909f56bfc062723c751e8b465ee728b)  -> (artifact id: '67df509ec2bbffd8875565684c326b85') in 0.445893 seconds 
========================================================================
Received Import Request.
  Time since last request: 0.000070 seconds.
  path: Assets/Drag Racing Framework/Demos/Common Components/Sounds/Engine Sound 3.wav
  artifactKey: Guid(f8ae03721d27c4a299e74dc05a9e2326) Importer(815301076,1909f56bfc062723c751e8b465ee728b)
Start importing Assets/Drag Racing Framework/Demos/Common Components/Sounds/Engine Sound 3.wav using Guid(f8ae03721d27c4a299e74dc05a9e2326) Importer(815301076,1909f56bfc062723c751e8b465ee728b)  -> (artifact id: 'ad392a6399b2252ccc3336a12973f205') in 0.006664 seconds 
========================================================================
Received Import Request.
  Time since last request: 12.058956 seconds.
  path: Assets/Drag Racing Framework/Demos/Common Components/Sounds
  artifactKey: Guid(e460b8cee9679624c88a4295b2ba5cf4) Importer(815301076,1909f56bfc062723c751e8b465ee728b)
Start importing Assets/Drag Racing Framework/Demos/Common Components/Sounds using Guid(e460b8cee9679624c88a4295b2ba5cf4) Importer(815301076,1909f56bfc062723c751e8b465ee728b)  -> (artifact id: 'b76d0aaa38ee4b462be99feaeefbd412') in 0.002635 seconds 
========================================================================
Received Import Request.
  Time since last request: 0.000066 seconds.
  path: Assets/Drag Racing Framework/Demos/Common Components/Sounds/Using Nitro.wav
  artifactKey: Guid(96c9ad525dc904707845f972a8cd73fe) Importer(815301076,1909f56bfc062723c751e8b465ee728b)
Start importing Assets/Drag Racing Framework/Demos/Common Components/Sounds/Using Nitro.wav using Guid(96c9ad525dc904707845f972a8cd73fe) Importer(815301076,1909f56bfc062723c751e8b465ee728b)  -> (artifact id: '4bb18151a7153207f371541d73bcba03') in 0.026476 seconds 
========================================================================
Received Import Request.
  Time since last request: 17.658756 seconds.
  path: Assets/Drag Racing Framework/Demos/Basic Demo/Prefabs/Resources/NISSAN GTR.prefab
  artifactKey: Guid(a8eed62b00a81034babf2fbd62d0ca74) Importer(815301076,1909f56bfc062723c751e8b465ee728b)
Start importing Assets/Drag Racing Framework/Demos/Basic Demo/Prefabs/Resources/NISSAN GTR.prefab using Guid(a8eed62b00a81034babf2fbd62d0ca74) Importer(815301076,1909f56bfc062723c751e8b465ee728b)  -> (artifact id: 'fe484e9f2182a13306f4da123a1d788f') in 0.105790 seconds 
========================================================================
Received Import Request.
  Time since last request: 31.048312 seconds.
  path: Assets/Drag Racing Framework/Demos/Basic Demo/Prefabs/Resources/BUGGATI VEYRON.prefab
  artifactKey: Guid(96ca9f74d18ebd04bae3ed8fc71d0b3d) Importer(815301076,1909f56bfc062723c751e8b465ee728b)
Start importing Assets/Drag Racing Framework/Demos/Basic Demo/Prefabs/Resources/BUGGATI VEYRON.prefab using Guid(96ca9f74d18ebd04bae3ed8fc71d0b3d) Importer(815301076,1909f56bfc062723c751e8b465ee728b)  -> (artifact id: '113d75209e0c9c5d5006b75b77b6611b') in 0.124528 seconds 
========================================================================
Received Import Request.
  Time since last request: 3.103277 seconds.
  path: Assets/Drag Racing Framework/Demos/Basic Demo/Prefabs/Resources/BUGGATI VEYRON.prefab
  artifactKey: Guid(96ca9f74d18ebd04bae3ed8fc71d0b3d) Importer(815301076,1909f56bfc062723c751e8b465ee728b)
Start importing Assets/Drag Racing Framework/Demos/Basic Demo/Prefabs/Resources/BUGGATI VEYRON.prefab using Guid(96ca9f74d18ebd04bae3ed8fc71d0b3d) Importer(815301076,1909f56bfc062723c751e8b465ee728b)  -> (artifact id: '01272a389b679aa7e1609c59909275e6') in 0.044680 seconds 
========================================================================
Received Import Request.
  Time since last request: 1.988146 seconds.
  path: Assets/Drag Racing Framework/Demos/Basic Demo/Prefabs/Resources/BUGGATI VEYRON.prefab
  artifactKey: Guid(96ca9f74d18ebd04bae3ed8fc71d0b3d) Importer(815301076,1909f56bfc062723c751e8b465ee728b)
Start importing Assets/Drag Racing Framework/Demos/Basic Demo/Prefabs/Resources/BUGGATI VEYRON.prefab using Guid(96ca9f74d18ebd04bae3ed8fc71d0b3d) Importer(815301076,1909f56bfc062723c751e8b465ee728b)  -> (artifact id: '7d653ba47ad8f694828d2cf168f0e205') in 0.039648 seconds 
========================================================================
Received Import Request.
  Time since last request: 2.181872 seconds.
  path: Assets/Drag Racing Framework/Demos/Basic Demo/Prefabs/Resources/BUGGATI VEYRON.prefab
  artifactKey: Guid(96ca9f74d18ebd04bae3ed8fc71d0b3d) Importer(815301076,1909f56bfc062723c751e8b465ee728b)
Start importing Assets/Drag Racing Framework/Demos/Basic Demo/Prefabs/Resources/BUGGATI VEYRON.prefab using Guid(96ca9f74d18ebd04bae3ed8fc71d0b3d) Importer(815301076,1909f56bfc062723c751e8b465ee728b)  -> (artifact id: '04f1450df205d123d1cb0f264f732b1c') in 0.042344 seconds 
========================================================================
Received Import Request.
  Time since last request: 20.854450 seconds.
  path: Assets/Drag Racing Framework/Demos/Basic Demo/Prefabs/Resources/NISSAN GTR.prefab
  artifactKey: Guid(a8eed62b00a81034babf2fbd62d0ca74) Importer(815301076,1909f56bfc062723c751e8b465ee728b)
Start importing Assets/Drag Racing Framework/Demos/Basic Demo/Prefabs/Resources/NISSAN GTR.prefab using Guid(a8eed62b00a81034babf2fbd62d0ca74) Importer(815301076,1909f56bfc062723c751e8b465ee728b)  -> (artifact id: '0fef06c21eb7e1b48cc75f6951247f5a') in 0.109129 seconds 
========================================================================
Received Import Request.
  Time since last request: 2.580279 seconds.
  path: Assets/Drag Racing Framework/Demos/Basic Demo/Prefabs/Resources/PORSCHE 911.prefab
  artifactKey: Guid(d5fb9cb33fae57346b54aeaa1596a2f9) Importer(815301076,1909f56bfc062723c751e8b465ee728b)
Start importing Assets/Drag Racing Framework/Demos/Basic Demo/Prefabs/Resources/PORSCHE 911.prefab using Guid(d5fb9cb33fae57346b54aeaa1596a2f9) Importer(815301076,1909f56bfc062723c751e8b465ee728b)  -> (artifact id: '41ab1d81701e6d6b529f38e83ec55750') in 0.049544 seconds 
========================================================================
Received Import Request.
  Time since last request: 4.767729 seconds.
  path: Assets/Drag Racing Framework/Demos/Basic Demo/Prefabs/Resources/PORSCHE 911.prefab
  artifactKey: Guid(d5fb9cb33fae57346b54aeaa1596a2f9) Importer(815301076,1909f56bfc062723c751e8b465ee728b)
Start importing Assets/Drag Racing Framework/Demos/Basic Demo/Prefabs/Resources/PORSCHE 911.prefab using Guid(d5fb9cb33fae57346b54aeaa1596a2f9) Importer(815301076,1909f56bfc062723c751e8b465ee728b)  -> (artifact id: 'ec0ad62f4c637d63676c6c66a876b221') in 0.044198 seconds 
========================================================================
Received Import Request.
  Time since last request: 1.776475 seconds.
  path: Assets/Drag Racing Framework/Demos/Basic Demo/Prefabs/Resources/PORSCHE 911.prefab
  artifactKey: Guid(d5fb9cb33fae57346b54aeaa1596a2f9) Importer(815301076,1909f56bfc062723c751e8b465ee728b)
Start importing Assets/Drag Racing Framework/Demos/Basic Demo/Prefabs/Resources/PORSCHE 911.prefab using Guid(d5fb9cb33fae57346b54aeaa1596a2f9) Importer(815301076,1909f56bfc062723c751e8b465ee728b)  -> (artifact id: '2600f7421c36783fe401301042b71ba6') in 0.040528 seconds 
========================================================================
Received Import Request.
  Time since last request: 1.586130 seconds.
  path: Assets/Drag Racing Framework/Demos/Basic Demo/Prefabs/Resources/PORSCHE 911.prefab
  artifactKey: Guid(d5fb9cb33fae57346b54aeaa1596a2f9) Importer(815301076,1909f56bfc062723c751e8b465ee728b)
Start importing Assets/Drag Racing Framework/Demos/Basic Demo/Prefabs/Resources/PORSCHE 911.prefab using Guid(d5fb9cb33fae57346b54aeaa1596a2f9) Importer(815301076,1909f56bfc062723c751e8b465ee728b)  -> (artifact id: '2e035febbd3f9bce5eddbf390df88069') in 0.039202 seconds 
========================================================================
Received Prepare
Registering precompiled user dll's ...
Registered in 0.001556 seconds.
Begin MonoManager ReloadAssembly
Thread 0x2937c7000 may have been prematurely finalized
Symbol file LoadedFromMemory doesn't match image /Users/adamantar/Desktop/CODING/DRAGRACEGAME/FRANKYANDMO/Library/PackageCache/com.unity.visualscripting@1.8.0/Editor/VisualScripting.Core/Dependencies/YamlDotNet/Unity.VisualScripting.YamlDotNet.dll
Symbol file LoadedFromMemory doesn't match image /Users/adamantar/Desktop/CODING/DRAGRACEGAME/FRANKYANDMO/Library/PackageCache/com.unity.visualscripting@1.8.0/Editor/VisualScripting.Core/Dependencies/DotNetZip/Unity.VisualScripting.IonicZip.dll
Native extension for OSXStandalone target not found
Native extension for WebGL target not found
Refreshing native plugins compatible for Editor in 0.78 ms, found 2 plugins.
Preloading 0 native plugins for Editor in 0.00 ms.
Mono: successfully reloaded assembly
- Completed reload, in  0.662 seconds
Domain Reload Profiling:
	ReloadAssembly (662ms)
		BeginReloadAssembly (115ms)
			ExecutionOrderSort (0ms)
			DisableScriptedObjects (3ms)
			BackupInstance (0ms)
			ReleaseScriptingObjects (0ms)
			CreateAndSetChildDomain (57ms)
		EndReloadAssembly (486ms)
			LoadAssemblies (39ms)
			RebuildTransferFunctionScriptingTraits (1ms)
			SetupTypeCache (197ms)
			ReleaseScriptCaches (1ms)
			RebuildScriptCaches (36ms)
			SetupLoadedEditorAssemblies (187ms)
				LogAssemblyErrors (0ms)
				InitializePlatformSupportModulesInManaged (5ms)
				SetLoadedEditorAssemblies (0ms)
				RefreshPlugins (1ms)
				BeforeProcessingInitializeOnLoad (35ms)
				ProcessInitializeOnLoadAttributes (136ms)
				ProcessInitializeOnLoadMethodAttributes (9ms)
				AfterProcessingInitializeOnLoad (1ms)
				EditorAssembliesLoaded (0ms)
			ExecutionOrderSort2 (0ms)
			AwakeInstancesAfterBackupRestoration (2ms)
Platform modules already initialized, skipping
Refreshing native plugins compatible for Editor in 1.32 ms, found 2 plugins.
Preloading 0 native plugins for Editor in 0.00 ms.
Unloading 3590 Unused Serialized files (Serialized files now loaded: 0)
Unloading 30 unused Assets / (141.2 KB). Loaded Objects now: 4091.
Memory consumption went from 138.0 MB to 137.8 MB.
Total: 2.518791 ms (FindLiveObjects: 0.118000 ms CreateObjectMapping: 0.045375 ms MarkObjects: 2.255709 ms  DeleteObjects: 0.098959 ms)

AssetImportParameters requested are different than current active one (requested -> active):
  custom:video-decoder-ogg-theora: a1e56fd34408186e4bbccfd4996cb3dc -> 
  custom:container-muxer-webm: aa71ff27fc2769a1b78a27578f13a17b -> 
  custom:container-demuxer-webm: 4f35f7cbe854078d1ac9338744f61a02 -> 
  custom:video-encoder-webm-vp8: eb34c28f22e8b96e1ab97ce403110664 -> 
  custom:framework-osx-AVFoundation: e770b220cccbd017edd2c1fefb359320 -> 
  custom:audio-encoder-webm-vorbis: bf7c407c2cedff20999df2af8eb42d56 -> 
  custom:container-demuxer-ogg: 62fdf1f143b41e24485cea50d1cbac27 -> 
  custom:video-decoder-webm-vp8: 9c59270c3fd7afecdb556c50c9e8de78 -> 
  custom:audio-decoder-ogg-vorbis: bf7c407c2cedff20999df2af8eb42d56 -> 
========================================================================
Received Import Request.
  Time since last request: 37.449145 seconds.
  path: Assets/Drag Racing Framework/Demos/Basic Demo/!Scenes/GARAGE FILES/BANNER.mat
  artifactKey: Guid(160a0da17d4b24329b01a470fbd59e43) Importer(815301076,1909f56bfc062723c751e8b465ee728b)
Start importing Assets/Drag Racing Framework/Demos/Basic Demo/!Scenes/GARAGE FILES/BANNER.mat using Guid(160a0da17d4b24329b01a470fbd59e43) Importer(815301076,1909f56bfc062723c751e8b465ee728b)  -> (artifact id: 'b3b038381ab38f3cf0dd54c55d4118fa') in 0.174241 seconds 
========================================================================
Received Import Request.
  Time since last request: 0.000071 seconds.
  path: Assets/Drag Racing Framework/Demos/Basic Demo/!Scenes/GARAGE FILES/PROP.mat
  artifactKey: Guid(79f357508a3d9483dab09bbb66b6e536) Importer(815301076,1909f56bfc062723c751e8b465ee728b)
Start importing Assets/Drag Racing Framework/Demos/Basic Demo/!Scenes/GARAGE FILES/PROP.mat using Guid(79f357508a3d9483dab09bbb66b6e536) Importer(815301076,1909f56bfc062723c751e8b465ee728b)  -> (artifact id: '8e4ccd085298b845c35040ca96e87c68') in 0.008080 seconds 
========================================================================
Received Import Request.
  Time since last request: 0.000064 seconds.
  path: Assets/Drag Racing Framework/Demos/Basic Demo/!Scenes/GARAGE FILES/Light.png
  artifactKey: Guid(2176c214890cb4ebf80c8b798318ff70) Importer(815301076,1909f56bfc062723c751e8b465ee728b)
Start importing Assets/Drag Racing Framework/Demos/Basic Demo/!Scenes/GARAGE FILES/Light.png using Guid(2176c214890cb4ebf80c8b798318ff70) Importer(815301076,1909f56bfc062723c751e8b465ee728b)  -> (artifact id: 'fed45c71ee48f9aa89a5b0f75dc124d6') in 0.300243 seconds 
========================================================================
Received Import Request.
  Time since last request: 0.000044 seconds.
  path: Assets/Drag Racing Framework/Demos/Basic Demo/!Scenes/GARAGE FILES/Garage.fbx
  artifactKey: Guid(07e0c67fa516942e88c3fbb4562f774f) Importer(815301076,1909f56bfc062723c751e8b465ee728b)
Start importing Assets/Drag Racing Framework/Demos/Basic Demo/!Scenes/GARAGE FILES/Garage.fbx using Guid(07e0c67fa516942e88c3fbb4562f774f) Importer(815301076,1909f56bfc062723c751e8b465ee728b)  -> (artifact id: 'dafb94c8944de01a806dbf4f1399552c') in 0.105745 seconds 
========================================================================
Received Import Request.
  Time since last request: 0.000273 seconds.
  path: Assets/Drag Racing Framework/Demos/Basic Demo/!Scenes/GARAGE FILES/GARAGE.mat
  artifactKey: Guid(dcb9ed4d3cc2a446fb25f1f52dc58d54) Importer(815301076,1909f56bfc062723c751e8b465ee728b)
Start importing Assets/Drag Racing Framework/Demos/Basic Demo/!Scenes/GARAGE FILES/GARAGE.mat using Guid(dcb9ed4d3cc2a446fb25f1f52dc58d54) Importer(815301076,1909f56bfc062723c751e8b465ee728b)  -> (artifact id: 'cf64491447eed19d18f1449018518a37') in 0.010397 seconds 
========================================================================
Received Import Request.
  Time since last request: 0.000049 seconds.
  path: Assets/Drag Racing Framework/Demos/Basic Demo/!Scenes/GARAGE FILES/GARAGE_albedo.jpeg
  artifactKey: Guid(d290870d7ef534fe59ae6a2929f5623d) Importer(815301076,1909f56bfc062723c751e8b465ee728b)
Start importing Assets/Drag Racing Framework/Demos/Basic Demo/!Scenes/GARAGE FILES/GARAGE_albedo.jpeg using Guid(d290870d7ef534fe59ae6a2929f5623d) Importer(815301076,1909f56bfc062723c751e8b465ee728b)  -> (artifact id: 'b660f5dd26e83e541e0ce53a3cdf1a6e') in 0.298965 seconds 
========================================================================
Received Import Request.
  Time since last request: 0.267495 seconds.
  path: Assets/Drag Racing Framework/Demos/Basic Demo/!Scenes/Menu/ReflectionProbe-0.exr
  artifactKey: Guid(b6a250d7baee24a18811999d8e25f9c8) Importer(815301076,1909f56bfc062723c751e8b465ee728b)
Start importing Assets/Drag Racing Framework/Demos/Basic Demo/!Scenes/Menu/ReflectionProbe-0.exr using Guid(b6a250d7baee24a18811999d8e25f9c8) Importer(815301076,1909f56bfc062723c751e8b465ee728b)  -> (artifact id: 'dddc7da0866c03ad27cb927c1d9e04eb') in 0.460089 seconds 
========================================================================
Received Import Request.
  Time since last request: 2.179398 seconds.
  path: Assets/Drag Racing Framework/Demos/Basic Demo/!Scenes/Menu.unity
  artifactKey: Guid(46009cb7f678a4e65ac94c4d0ab863ee) Importer(815301076,1909f56bfc062723c751e8b465ee728b)
Start importing Assets/Drag Racing Framework/Demos/Basic Demo/!Scenes/Menu.unity using Guid(46009cb7f678a4e65ac94c4d0ab863ee) Importer(815301076,1909f56bfc062723c751e8b465ee728b)  -> (artifact id: 'ee764a7758983d751fcc1fe28d6562e5') in 0.002813 seconds 
========================================================================
Received Prepare
Registering precompiled user dll's ...
Registered in 0.001942 seconds.
Begin MonoManager ReloadAssembly
Thread 0x28476f000 may have been prematurely finalized
Symbol file LoadedFromMemory doesn't match image /Users/adamantar/Desktop/CODING/DRAGRACEGAME/FRANKYANDMO/Library/PackageCache/com.unity.visualscripting@1.8.0/Editor/VisualScripting.Core/Dependencies/YamlDotNet/Unity.VisualScripting.YamlDotNet.dll
Symbol file LoadedFromMemory doesn't match image /Users/adamantar/Desktop/CODING/DRAGRACEGAME/FRANKYANDMO/Library/PackageCache/com.unity.visualscripting@1.8.0/Editor/VisualScripting.Core/Dependencies/DotNetZip/Unity.VisualScripting.IonicZip.dll
Native extension for OSXStandalone target not found
Native extension for WebGL target not found
Refreshing native plugins compatible for Editor in 0.82 ms, found 2 plugins.
Preloading 0 native plugins for Editor in 0.00 ms.
Mono: successfully reloaded assembly
- Completed reload, in  0.663 seconds
Domain Reload Profiling:
	ReloadAssembly (664ms)
		BeginReloadAssembly (96ms)
			ExecutionOrderSort (0ms)
			DisableScriptedObjects (5ms)
			BackupInstance (0ms)
			ReleaseScriptingObjects (0ms)
			CreateAndSetChildDomain (43ms)
		EndReloadAssembly (505ms)
			LoadAssemblies (34ms)
			RebuildTransferFunctionScriptingTraits (0ms)
			SetupTypeCache (199ms)
			ReleaseScriptCaches (1ms)
			RebuildScriptCaches (33ms)
			SetupLoadedEditorAssemblies (205ms)
				LogAssemblyErrors (0ms)
				InitializePlatformSupportModulesInManaged (6ms)
				SetLoadedEditorAssemblies (0ms)
				RefreshPlugins (1ms)
				BeforeProcessingInitializeOnLoad (37ms)
				ProcessInitializeOnLoadAttributes (149ms)
				ProcessInitializeOnLoadMethodAttributes (10ms)
				AfterProcessingInitializeOnLoad (1ms)
				EditorAssembliesLoaded (0ms)
			ExecutionOrderSort2 (0ms)
			AwakeInstancesAfterBackupRestoration (2ms)
Platform modules already initialized, skipping
Refreshing native plugins compatible for Editor in 1.55 ms, found 2 plugins.
Preloading 0 native plugins for Editor in 0.00 ms.
Unloading 3590 Unused Serialized files (Serialized files now loaded: 0)
Unloading 20 unused Assets / (137.1 KB). Loaded Objects now: 4146.
Memory consumption went from 159.0 MB to 158.8 MB.
Total: 2.779333 ms (FindLiveObjects: 0.200000 ms CreateObjectMapping: 0.046250 ms MarkObjects: 2.444000 ms  DeleteObjects: 0.087709 ms)

AssetImportParameters requested are different than current active one (requested -> active):
  custom:video-decoder-ogg-theora: a1e56fd34408186e4bbccfd4996cb3dc -> 
  custom:container-muxer-webm: aa71ff27fc2769a1b78a27578f13a17b -> 
  custom:container-demuxer-webm: 4f35f7cbe854078d1ac9338744f61a02 -> 
  custom:video-encoder-webm-vp8: eb34c28f22e8b96e1ab97ce403110664 -> 
  custom:framework-osx-AVFoundation: e770b220cccbd017edd2c1fefb359320 -> 
  custom:audio-encoder-webm-vorbis: bf7c407c2cedff20999df2af8eb42d56 -> 
  custom:container-demuxer-ogg: 62fdf1f143b41e24485cea50d1cbac27 -> 
  custom:video-decoder-webm-vp8: 9c59270c3fd7afecdb556c50c9e8de78 -> 
  custom:audio-decoder-ogg-vorbis: bf7c407c2cedff20999df2af8eb42d56 -> 
========================================================================
Received Prepare
Registering precompiled user dll's ...
Registered in 0.001840 seconds.
Begin MonoManager ReloadAssembly
Thread 0x280c8b000 may have been prematurely finalized
Symbol file LoadedFromMemory doesn't match image /Users/adamantar/Desktop/CODING/DRAGRACEGAME/FRANKYANDMO/Library/PackageCache/com.unity.visualscripting@1.8.0/Editor/VisualScripting.Core/Dependencies/YamlDotNet/Unity.VisualScripting.YamlDotNet.dll
Symbol file LoadedFromMemory doesn't match image /Users/adamantar/Desktop/CODING/DRAGRACEGAME/FRANKYANDMO/Library/PackageCache/com.unity.visualscripting@1.8.0/Editor/VisualScripting.Core/Dependencies/DotNetZip/Unity.VisualScripting.IonicZip.dll
Native extension for OSXStandalone target not found
Native extension for WebGL target not found
Refreshing native plugins compatible for Editor in 0.79 ms, found 2 plugins.
Preloading 0 native plugins for Editor in 0.00 ms.
Mono: successfully reloaded assembly
- Completed reload, in  0.673 seconds
Domain Reload Profiling:
	ReloadAssembly (674ms)
		BeginReloadAssembly (96ms)
			ExecutionOrderSort (0ms)
			DisableScriptedObjects (3ms)
			BackupInstance (0ms)
			ReleaseScriptingObjects (0ms)
			CreateAndSetChildDomain (37ms)
		EndReloadAssembly (515ms)
			LoadAssemblies (35ms)
			RebuildTransferFunctionScriptingTraits (0ms)
			SetupTypeCache (199ms)
			ReleaseScriptCaches (1ms)
			RebuildScriptCaches (33ms)
			SetupLoadedEditorAssemblies (212ms)
				LogAssemblyErrors (0ms)
				InitializePlatformSupportModulesInManaged (6ms)
				SetLoadedEditorAssemblies (0ms)
				RefreshPlugins (1ms)
				BeforeProcessingInitializeOnLoad (38ms)
				ProcessInitializeOnLoadAttributes (155ms)
				ProcessInitializeOnLoadMethodAttributes (11ms)
				AfterProcessingInitializeOnLoad (1ms)
				EditorAssembliesLoaded (0ms)
			ExecutionOrderSort2 (0ms)
			AwakeInstancesAfterBackupRestoration (2ms)
Platform modules already initialized, skipping
Refreshing native plugins compatible for Editor in 1.05 ms, found 2 plugins.
Preloading 0 native plugins for Editor in 0.00 ms.
Unloading 3590 Unused Serialized files (Serialized files now loaded: 0)
Unloading 20 unused Assets / (139.7 KB). Loaded Objects now: 4161.
Memory consumption went from 159.0 MB to 158.9 MB.
Total: 2.889083 ms (FindLiveObjects: 0.171542 ms CreateObjectMapping: 0.049333 ms MarkObjects: 2.545000 ms  DeleteObjects: 0.122458 ms)

AssetImportParameters requested are different than current active one (requested -> active):
  custom:video-decoder-ogg-theora: a1e56fd34408186e4bbccfd4996cb3dc -> 
  custom:container-muxer-webm: aa71ff27fc2769a1b78a27578f13a17b -> 
  custom:container-demuxer-webm: 4f35f7cbe854078d1ac9338744f61a02 -> 
  custom:video-encoder-webm-vp8: eb34c28f22e8b96e1ab97ce403110664 -> 
  custom:framework-osx-AVFoundation: e770b220cccbd017edd2c1fefb359320 -> 
  custom:audio-encoder-webm-vorbis: bf7c407c2cedff20999df2af8eb42d56 -> 
  custom:container-demuxer-ogg: 62fdf1f143b41e24485cea50d1cbac27 -> 
  custom:video-decoder-webm-vp8: 9c59270c3fd7afecdb556c50c9e8de78 -> 
  custom:audio-decoder-ogg-vorbis: bf7c407c2cedff20999df2af8eb42d56 -> 
========================================================================
Received Import Request.
  Time since last request: 216.086871 seconds.
  path: Assets/Drag Racing Framework/Demos/Basic Demo/!Scenes/Speedway.unity
  artifactKey: Guid(1508606b68d094da6a9e61828ba898cf) Importer(815301076,1909f56bfc062723c751e8b465ee728b)
Start importing Assets/Drag Racing Framework/Demos/Basic Demo/!Scenes/Speedway.unity using Guid(1508606b68d094da6a9e61828ba898cf) Importer(815301076,1909f56bfc062723c751e8b465ee728b)  -> (artifact id: '2f47f48e28be92ea872e571e0cdffac6') in 0.012615 seconds 
